This is pdfTeX, Version 3.14159265-2.6-1.40.18 (TeX Live 2017/Debian) (preloaded format=pdflatex 2018.3.30)  3 JUN 2018 12:49
entering extended mode
 restricted \write18 enabled.
 %&-line parsing enabled.
**CS_wksp4_Section_4.tex
(./CS_wksp4_Section_4.tex
LaTeX2e <2017-04-15>
Babel <3.12> and hyphenation patterns for 84 language(s) loaded.
(/usr/share/texlive/texmf-dist/tex/latex/base/article.cls
Document Class: article 2014/09/29 v1.4h Standard LaTeX document class
(/usr/share/texlive/texmf-dist/tex/latex/base/size11.clo
File: size11.clo 2014/09/29 v1.4h Standard LaTeX file (size option)
)
\c@part=\count79
\c@section=\count80
\c@subsection=\count81
\c@subsubsection=\count82
\c@paragraph=\count83
\c@subparagraph=\count84
\c@figure=\count85
\c@table=\count86
\abovecaptionskip=\skip41
\belowcaptionskip=\skip42
\bibindent=\dimen102
)
(/usr/share/texlive/texmf-dist/tex/latex/amsmath/amsmath.sty
Package: amsmath 2016/11/05 v2.16a AMS math features
\@mathmargin=\skip43

For additional information on amsmath, use the `?' option.
(/usr/share/texlive/texmf-dist/tex/latex/amsmath/amstext.sty
Package: amstext 2000/06/29 v2.01 AMS text

(/usr/share/texlive/texmf-dist/tex/latex/amsmath/amsgen.sty
File: amsgen.sty 1999/11/30 v2.0 generic functions
\@emptytoks=\toks14
\ex@=\dimen103
))
(/usr/share/texlive/texmf-dist/tex/latex/amsmath/amsbsy.sty
Package: amsbsy 1999/11/29 v1.2d Bold Symbols
\pmbraise@=\dimen104
)
(/usr/share/texlive/texmf-dist/tex/latex/amsmath/amsopn.sty
Package: amsopn 2016/03/08 v2.02 operator names
)
\inf@bad=\count87
LaTeX Info: Redefining \frac on input line 213.
\uproot@=\count88
\leftroot@=\count89
LaTeX Info: Redefining \overline on input line 375.
\classnum@=\count90
\DOTSCASE@=\count91
LaTeX Info: Redefining \ldots on input line 472.
LaTeX Info: Redefining \dots on input line 475.
LaTeX Info: Redefining \cdots on input line 596.
\Mathstrutbox@=\box26
\strutbox@=\box27
\big@size=\dimen105
LaTeX Font Info:    Redeclaring font encoding OML on input line 712.
LaTeX Font Info:    Redeclaring font encoding OMS on input line 713.
\macc@depth=\count92
\c@MaxMatrixCols=\count93
\dotsspace@=\muskip10
\c@parentequation=\count94
\dspbrk@lvl=\count95
\tag@help=\toks15
\row@=\count96
\column@=\count97
\maxfields@=\count98
\andhelp@=\toks16
\eqnshift@=\dimen106
\alignsep@=\dimen107
\tagshift@=\dimen108
\tagwidth@=\dimen109
\totwidth@=\dimen110
\lineht@=\dimen111
\@envbody=\toks17
\multlinegap=\skip44
\multlinetaggap=\skip45
\mathdisplay@stack=\toks18
LaTeX Info: Redefining \[ on input line 2817.
LaTeX Info: Redefining \] on input line 2818.
)
(/usr/share/texlive/texmf-dist/tex/latex/geometry/geometry.sty
Package: geometry 2010/09/12 v5.6 Page Geometry

(/usr/share/texlive/texmf-dist/tex/latex/graphics/keyval.sty
Package: keyval 2014/10/28 v1.15 key=value parser (DPC)
\KV@toks@=\toks19
)
(/usr/share/texlive/texmf-dist/tex/generic/oberdiek/ifpdf.sty
Package: ifpdf 2017/03/15 v3.2 Provides the ifpdf switch
)
(/usr/share/texlive/texmf-dist/tex/generic/oberdiek/ifvtex.sty
Package: ifvtex 2016/05/16 v1.6 Detect VTeX and its facilities (HO)
Package ifvtex Info: VTeX not detected.
)
(/usr/share/texlive/texmf-dist/tex/generic/ifxetex/ifxetex.sty
Package: ifxetex 2010/09/12 v0.6 Provides ifxetex conditional
)
\Gm@cnth=\count99
\Gm@cntv=\count100
\c@Gm@tempcnt=\count101
\Gm@bindingoffset=\dimen112
\Gm@wd@mp=\dimen113
\Gm@odd@mp=\dimen114
\Gm@even@mp=\dimen115
\Gm@layoutwidth=\dimen116
\Gm@layoutheight=\dimen117
\Gm@layouthoffset=\dimen118
\Gm@layoutvoffset=\dimen119
\Gm@dimlist=\toks20
)
(/usr/share/texlive/texmf-dist/tex/latex/graphics/graphicx.sty
Package: graphicx 2017/06/01 v1.1a Enhanced LaTeX Graphics (DPC,SPQR)

(/usr/share/texlive/texmf-dist/tex/latex/graphics/graphics.sty
Package: graphics 2017/06/25 v1.2c Standard LaTeX Graphics (DPC,SPQR)

(/usr/share/texlive/texmf-dist/tex/latex/graphics/trig.sty
Package: trig 2016/01/03 v1.10 sin cos tan (DPC)
)
(/usr/share/texlive/texmf-dist/tex/latex/graphics-cfg/graphics.cfg
File: graphics.cfg 2016/06/04 v1.11 sample graphics configuration
)
Package graphics Info: Driver file: pdftex.def on input line 99.

(/usr/share/texlive/texmf-dist/tex/latex/graphics-def/pdftex.def
File: pdftex.def 2017/06/24 v1.0g Graphics/color driver for pdftex
))
\Gin@req@height=\dimen120
\Gin@req@width=\dimen121
)
(./CS_wksp4_Section_4.aux)
\openout1 = `CS_wksp4_Section_4.aux'.

LaTeX Font Info:    Checking defaults for OML/cmm/m/it on input line 14.
LaTeX Font Info:    ... okay on input line 14.
LaTeX Font Info:    Checking defaults for T1/cmr/m/n on input line 14.
LaTeX Font Info:    ... okay on input line 14.
LaTeX Font Info:    Checking defaults for OT1/cmr/m/n on input line 14.
LaTeX Font Info:    ... okay on input line 14.
LaTeX Font Info:    Checking defaults for OMS/cmsy/m/n on input line 14.
LaTeX Font Info:    ... okay on input line 14.
LaTeX Font Info:    Checking defaults for OMX/cmex/m/n on input line 14.
LaTeX Font Info:    ... okay on input line 14.
LaTeX Font Info:    Checking defaults for U/cmr/m/n on input line 14.
LaTeX Font Info:    ... okay on input line 14.

*geometry* driver: auto-detecting
*geometry* detected driver: pdftex
*geometry* verbose mode - [ preamble ] result:
* driver: pdftex
* paper: a4paper
* layout: <same size as paper>
* layoutoffset:(h,v)=(0.0pt,0.0pt)
* modes: 
* h-part:(L,W,R)=(36.135pt, 525.23788pt, 36.135pt)
* v-part:(T,H,B)=(36.135pt, 772.77686pt, 36.135pt)
* \paperwidth=597.50787pt
* \paperheight=845.04684pt
* \textwidth=525.23788pt
* \textheight=772.77686pt
* \oddsidemargin=-36.135pt
* \evensidemargin=-36.135pt
* \topmargin=-73.135pt
* \headheight=12.0pt
* \headsep=25.0pt
* \topskip=11.0pt
* \footskip=30.0pt
* \marginparwidth=4.0pt
* \marginparsep=10.0pt
* \columnsep=10.0pt
* \skip\footins=10.0pt plus 4.0pt minus 2.0pt
* \hoffset=0.0pt
* \voffset=0.0pt
* \mag=1000
* \@twocolumntrue
* \@twosidefalse
* \@mparswitchfalse
* \@reversemarginfalse
* (1in=72.27pt=25.4mm, 1cm=28.453pt)

(/usr/share/texlive/texmf-dist/tex/context/base/mkii/supp-pdf.mkii
[Loading MPS to PDF converter (version 2006.09.02).]
\scratchcounter=\count102
\scratchdimen=\dimen122
\scratchbox=\box28
\nofMPsegments=\count103
\nofMParguments=\count104
\everyMPshowfont=\toks21
\MPscratchCnt=\count105
\MPscratchDim=\dimen123
\MPnumerator=\count106
\makeMPintoPDFobject=\count107
\everyMPtoPDFconversion=\toks22
) (/usr/share/texlive/texmf-dist/tex/latex/oberdiek/epstopdf-base.sty
Package: epstopdf-base 2016/05/15 v2.6 Base part for package epstopdf

(/usr/share/texlive/texmf-dist/tex/generic/oberdiek/infwarerr.sty
Package: infwarerr 2016/05/16 v1.4 Providing info/warning/error messages (HO)
)
(/usr/share/texlive/texmf-dist/tex/latex/oberdiek/grfext.sty
Package: grfext 2016/05/16 v1.2 Manage graphics extensions (HO)

(/usr/share/texlive/texmf-dist/tex/generic/oberdiek/kvdefinekeys.sty
Package: kvdefinekeys 2016/05/16 v1.4 Define keys (HO)

(/usr/share/texlive/texmf-dist/tex/generic/oberdiek/ltxcmds.sty
Package: ltxcmds 2016/05/16 v1.23 LaTeX kernel commands for general use (HO)
)))
(/usr/share/texlive/texmf-dist/tex/latex/oberdiek/kvoptions.sty
Package: kvoptions 2016/05/16 v3.12 Key value format for package options (HO)

(/usr/share/texlive/texmf-dist/tex/generic/oberdiek/kvsetkeys.sty
Package: kvsetkeys 2016/05/16 v1.17 Key value parser (HO)

(/usr/share/texlive/texmf-dist/tex/generic/oberdiek/etexcmds.sty
Package: etexcmds 2016/05/16 v1.6 Avoid name clashes with e-TeX commands (HO)

(/usr/share/texlive/texmf-dist/tex/generic/oberdiek/ifluatex.sty
Package: ifluatex 2016/05/16 v1.4 Provides the ifluatex switch (HO)
Package ifluatex Info: LuaTeX not detected.
)
Package etexcmds Info: Could not find \expanded.
(etexcmds)             That can mean that you are not using pdfTeX 1.50 or
(etexcmds)             that some package has redefined \expanded.
(etexcmds)             In the latter case, load this package earlier.
)))
(/usr/share/texlive/texmf-dist/tex/generic/oberdiek/pdftexcmds.sty
Package: pdftexcmds 2017/03/19 v0.25 Utility functions of pdfTeX for LuaTeX (HO
)
Package pdftexcmds Info: LuaTeX not detected.
Package pdftexcmds Info: \pdf@primitive is available.
Package pdftexcmds Info: \pdf@ifprimitive is available.
Package pdftexcmds Info: \pdfdraftmode found.
)
Package epstopdf-base Info: Redefining graphics rule for `.eps' on input line 4
38.
Package grfext Info: Graphics extension search list:
(grfext)             [.pdf,.png,.jpg,.mps,.jpeg,.jbig2,.jb2,.PDF,.PNG,.JPG,.JPE
G,.JBIG2,.JB2,.eps]
(grfext)             \AppendGraphicsExtensions on input line 456.

(/usr/share/texlive/texmf-dist/tex/latex/latexconfig/epstopdf-sys.cfg
File: epstopdf-sys.cfg 2010/07/13 v1.3 Configuration of (r)epstopdf for TeX Liv
e
))
[1{/var/lib/texmf/fonts/map/pdftex/updmap/pdftex.map}



]
Underfull \hbox (badness 3838) in paragraph at lines 27--27
[] \OT1/cmr/bx/n/12 Build-ing the In-verted Pen-du-lum
 []

<capture.jpg, id=9, 677.53125pt x 512.66531pt>
File: capture.jpg Graphic file (type jpg)
<use capture.jpg>
Package pdftex.def Info: capture.jpg  used on input line 36. on input line 36.
Package pdftex.def Info: Requested size: 203.26094pt x 153.80077pt on input lin
e 36.
LaTeX Font Info:    Try loading font information for OMS+cmr on input line 42.
(/usr/share/texlive/texmf-dist/tex/latex/base/omscmr.fd
File: omscmr.fd 2014/09/29 v2.5h Standard LaTeX font definitions
)
LaTeX Font Info:    Font shape `OMS/cmr/m/n' in size <10.95> not available
(Font)              Font shape `OMS/cmsy/m/n' tried instead on input line 42.
<22.png, id=10, 276.03125pt x 259.97125pt>
File: 22.png Graphic file (type png)
<use 22.png>
Package pdftex.def Info: 22.png  used on input line 49. on input line 49.
Package pdftex.def Info: Requested size: 138.01527pt x 129.9853pt on input line
 49.
<23.png, id=12, 451.6875pt x 343.2825pt>
File: 23.png Graphic file (type png)
<use 23.png>
Package pdftex.def Info: 23.png  used on input line 73. on input line 73.
Package pdftex.def Info: Requested size: 225.84319pt x 171.64082pt on input lin
e 73.


LaTeX Warning: `!h' float specifier changed to `!ht'.

[1

 <./capture.jpg> <./22.png>]
<24.png, id=25, 578.16pt x 458.71375pt>
File: 24.png Graphic file (type png)
<use 24.png>
Package pdftex.def Info: 24.png  used on input line 88. on input line 88.
Package pdftex.def Info: Requested size: 202.35902pt x 160.55222pt on input lin
e 88.

Overfull \hbox (13.20596pt too wide) in paragraph at lines 116--116
[] 
 []

[2 <./23.png> <./24.png>]
<bode_plant.png, id=32, 517.935pt x 376.40625pt>
File: bode_plant.png Graphic file (type png)
<use bode_plant.png>
Package pdftex.def Info: bode_plant.png  used on input line 140. on input line 
140.
Package pdftex.def Info: Requested size: 207.17032pt x 150.55983pt on input lin
e 140.
<rlocus_plant.png, id=33, 454.69875pt x 445.665pt>
File: rlocus_plant.png Graphic file (type png)
<use rlocus_plant.png>
Package pdftex.def Info: rlocus_plant.png  used on input line 153. on input lin
e 153.
Package pdftex.def Info: Requested size: 181.87627pt x 178.26283pt on input lin
e 153.


LaTeX Warning: `!h' float specifier changed to `!ht'.


Underfull \hbox (badness 10000) in paragraph at lines 159--159

 []

<vary_p.png, id=34, 635.37375pt x 387.4475pt>
File: vary_p.png Graphic file (type png)
<use vary_p.png>
Package pdftex.def Info: vary_p.png  used on input line 165. on input line 165.

Package pdftex.def Info: Requested size: 222.38414pt x 135.60864pt on input lin
e 165.

Underfull \hbox (badness 3199) in paragraph at lines 174--175
 \OT1/cmr/bx/n/10.95 Com-pli-men-tary Sen-si-tiv-ity Func-tion Band-
 []


Underfull \hbox (badness 5504) in paragraph at lines 174--175
\OT1/cmr/bx/n/10.95 width[] \OT1/cmr/m/n/10.95 To meet the de-sign re-quire-men
ts, the
 []

<rlocus_sys.png, id=35, 527.9725pt x 388.45125pt>
File: rlocus_sys.png Graphic file (type png)
<use rlocus_sys.png>
Package pdftex.def Info: rlocus_sys.png  used on input line 178. on input line 
178.
Package pdftex.def Info: Requested size: 211.18526pt x 155.37773pt on input lin
e 178.
[3 <./bode_plant.png> <./rlocus_plant.png> <./vary_p.png>]
<bode_T.png, id=43, 527.9725pt x 388.45125pt>
File: bode_T.png Graphic file (type png)
<use bode_T.png>
Package pdftex.def Info: bode_T.png  used on input line 188. on input line 188.

Package pdftex.def Info: Requested size: 211.18526pt x 155.37773pt on input lin
e 188.
<Undisturbed.JPG, id=44, 645.91313pt x 288.3272pt>
File: Undisturbed.JPG Graphic file (type jpg)
<use Undisturbed.JPG>
Package pdftex.def Info: Undisturbed.JPG  used on input line 209. on input line
 209.
Package pdftex.def Info: Requested size: 257.61894pt x 114.99446pt on input lin
e 209.


LaTeX Warning: `!h' float specifier changed to `!ht'.

<Ocilation.JPG, id=45, 643.6547pt x 261.22594pt>
File: Ocilation.JPG Graphic file (type jpg)
<use Ocilation.JPG>
Package pdftex.def Info: Ocilation.JPG  used on input line 217. on input line 2
17.
Package pdftex.def Info: Requested size: 257.61894pt x 104.55627pt on input lin
e 217.
<ImpulseDisturbance.JPG, id=46, 643.6547pt x 286.06876pt>
File: ImpulseDisturbance.JPG Graphic file (type jpg)
<use ImpulseDisturbance.JPG>
Package pdftex.def Info: ImpulseDisturbance.JPG  used on input line 228. on inp
ut line 228.
Package pdftex.def Info: Requested size: 257.61894pt x 114.49968pt on input lin
e 228.
<Steering.JPG, id=47, 649.67719pt x 284.56313pt>
File: Steering.JPG Graphic file (type jpg)
<use Steering.JPG>
Package pdftex.def Info: Steering.JPG  used on input line 237. on input line 23
7.
Package pdftex.def Info: Requested size: 257.61894pt x 112.84192pt on input lin
e 237.

LaTeX Warning: `!h' float specifier changed to `!ht'.

[4 <./rlocus_sys.png> <./bode_T.png> <./Undisturbed.JPG> <./Ocilation.JPG> <./I
mpulseDisturbance.JPG>]
<SteeringWheels.JPG, id=53, 645.16031pt x 285.31593pt>
File: SteeringWheels.JPG Graphic file (type jpg)
<use SteeringWheels.JPG>
Package pdftex.def Info: SteeringWheels.JPG  used on input line 246. on input l
ine 246.
Package pdftex.def Info: Requested size: 257.61894pt x 113.92844pt on input lin
e 246.
<SteeringVoltage.JPG, id=54, 646.66594pt x 283.81032pt>
File: SteeringVoltage.JPG Graphic file (type jpg)
<use SteeringVoltage.JPG>
Package pdftex.def Info: SteeringVoltage.JPG  used on input line 254. on input 
line 254.
Package pdftex.def Info: Requested size: 257.61894pt x 113.06306pt on input lin
e 254.
Missing character: There is no â in font cmr10!
Missing character: There is no € in font cmr10!
Missing character: There is no ™ in font cmr10!
<ImpulseSim.JPG, id=55, 696.35156pt x 340.27126pt>
File: ImpulseSim.JPG Graphic file (type jpg)
<use ImpulseSim.JPG>
Package pdftex.def Info: ImpulseSim.JPG  used on input line 269. on input line 
269.
Package pdftex.def Info: Requested size: 257.61894pt x 125.88281pt on input lin
e 269.
 [5 <./Steering.JPG> <./SteeringWheels.JPG> <./SteeringVoltage.JPG> <./ImpulseS
im.JPG>] [6

] (./CS_wksp4_Section_4.aux)

LaTeX Warning: Label(s) may have changed. Rerun to get cross-references right.

 ) 
Here is how much of TeX's memory you used:
 2664 strings out of 492990
 36681 string characters out of 6135005
 106629 words of memory out of 5000000
 6173 multiletter control sequences out of 15000+600000
 10709 words of font info for 38 fonts, out of 8000000 for 9000
 1141 hyphenation exceptions out of 8191
 41i,11n,32p,800b,257s stack positions out of 5000i,500n,10000p,200000b,80000s
</usr/share/texlive/texmf-dist/fonts/type1/public/amsfonts/cm/cmbx10.pfb></us
r/share/texlive/texmf-dist/fonts/type1/public/amsfonts/cm/cmbx12.pfb></usr/shar
e/texlive/texmf-dist/fonts/type1/public/amsfonts/cm/cmmi10.pfb></usr/share/texl
ive/texmf-dist/fonts/type1/public/amsfonts/cm/cmmi6.pfb></usr/share/texlive/tex
mf-dist/fonts/type1/public/amsfonts/cm/cmmi8.pfb></usr/share/texlive/texmf-dist
/fonts/type1/public/amsfonts/cm/cmr10.pfb></usr/share/texlive/texmf-dist/fonts/
type1/public/amsfonts/cm/cmr12.pfb></usr/share/texlive/texmf-dist/fonts/type1/p
ublic/amsfonts/cm/cmr6.pfb></usr/share/texlive/texmf-dist/fonts/type1/public/am
sfonts/cm/cmr8.pfb></usr/share/texlive/texmf-dist/fonts/type1/public/amsfonts/c
m/cmsy10.pfb></usr/share/texlive/texmf-dist/fonts/type1/public/amsfonts/cm/cmsy
8.pfb></usr/share/texlive/texmf-dist/fonts/type1/public/amsfonts/cm/cmti10.pfb>
</usr/share/texlive/texmf-dist/fonts/type1/public/amsfonts/cm/cmti12.pfb>
Output written on CS_wksp4_Section_4.pdf (7 pages, 726393 bytes).
PDF statistics:
 105 PDF objects out of 1000 (max. 8388607)
 58 compressed objects within 1 object stream
 0 named destinations out of 1000 (max. 500000)
 81 words of extra memory for PDF output out of 10000 (max. 10000000)

